Build started 25/03/2013 15:21:49.
     1>Project "C:\Users\Andmin\Documents\Visual Studio 2010\Projects\sArray\sArray\sArray.vcxproj" on node 2 (build target(s)).
     1>InitializeBuildStatus:
         Touching "Debug\sArray.unsuccessfulbuild".
       ClCompile:
         C:\Program Files\Microsoft Visual Studio 10.0\VC\bin\CL.exe /c /ZI /nologo /W3 /WX- /Od /Oy- /D WIN32 /D _DEBUG /D _CONSOLE /D _UNICODE /D UNICODE /Gm /EHsc /RTC1 /MDd /GS /fp:precise /Zc:wchar_t /Zc:forScope /Fo"Debug\\" /Fd"Debug\vc100.pdb" /Gd /TP /analyze- /errorReport:prompt mainApp.cpp
         mainApp.cpp
       ManifestResourceCompile:
         All outputs are up-to-date.
       Link:
         C:\Program Files\Microsoft Visual Studio 10.0\VC\bin\link.exe /ERRORREPORT:PROMPT /OUT:"C:\Users\Andmin\Documents\Visual Studio 2010\Projects\sArray\Debug\sArray.exe" /INCREMENTAL /NOLOGO kernel32.lib user32.lib gdi32.lib winspool.lib comdlg32.lib advapi32.lib shell32.lib ole32.lib oleaut32.lib uuid.lib odbc32.lib odbccp32.lib /MANIFEST /ManifestFile:"Debug\sArray.exe.intermediate.manifest" /MANIFESTUAC:"level='asInvoker' uiAccess='false'" /DEBUG /PDB:"C:\Users\Andmin\Documents\Visual Studio 2010\Projects\sArray\Debug\sArray.pdb" /SUBSYSTEM:CONSOLE /TLBID:1 /DYNAMICBASE /NXCOMPAT /IMPLIB:"C:\Users\Andmin\Documents\Visual Studio 2010\Projects\sArray\Debug\sArray.lib" /MACHINE:X86 Debug\sArray.exe.embed.manifest.res
         Debug\mainApp.obj
       Manifest:
         C:\Program Files\Microsoft SDKs\Windows\v7.0A\bin\mt.exe /nologo /verbose /out:"Debug\sArray.exe.embed.manifest" /manifest Debug\sArray.exe.intermediate.manifest
         All outputs are up-to-date.
       LinkEmbedManifest:
         All outputs are up-to-date.
         sArray.vcxproj -> C:\Users\Andmin\Documents\Visual Studio 2010\Projects\sArray\Debug\sArray.exe
       FinalizeBuildStatus:
         Deleting file "Debug\sArray.unsuccessfulbuild".
         Touching "Debug\sArray.lastbuildstate".
     1>Done Building Project "C:\Users\Andmin\Documents\Visual Studio 2010\Projects\sArray\sArray\sArray.vcxproj" (build target(s)).

Build succeeded.

Time Elapsed 00:00:14.21
